nohup: ignoring input
Exploring 11475 rules with 5000 patterns each.
Progress: 1/11475 rules processed...
Progress: 50/11475 rules processed...
Progress: 100/11475 rules processed...
Progress: 150/11475 rules processed...
Progress: 200/11475 rules processed...
Progress: 250/11475 rules processed...
Progress: 300/11475 rules processed...
Progress: 350/11475 rules processed...
Progress: 400/11475 rules processed...
Progress: 450/11475 rules processed...
Progress: 500/11475 rules processed...
Progress: 550/11475 rules processed...
Progress: 600/11475 rules processed...
Progress: 650/11475 rules processed...
Progress: 700/11475 rules processed...
Progress: 750/11475 rules processed...
Progress: 800/11475 rules processed...
Progress: 850/11475 rules processed...
Progress: 900/11475 rules processed...
Progress: 950/11475 rules processed...
Progress: 1000/11475 rules processed...
Progress: 1050/11475 rules processed...
Progress: 1100/11475 rules processed...
Progress: 1150/11475 rules processed...
Progress: 1200/11475 rules processed...
Progress: 1250/11475 rules processed...
Progress: 1300/11475 rules processed...
Progress: 1350/11475 rules processed...
Progress: 1400/11475 rules processed...
Progress: 1450/11475 rules processed...
Progress: 1500/11475 rules processed...
Progress: 1550/11475 rules processed...
Progress: 1600/11475 rules processed...
Progress: 1650/11475 rules processed...
Progress: 1700/11475 rules processed...
Progress: 1750/11475 rules processed...
Progress: 1800/11475 rules processed...
Progress: 1850/11475 rules processed...
Progress: 1900/11475 rules processed...
Progress: 1950/11475 rules processed...
Progress: 2000/11475 rules processed...
Progress: 2050/11475 rules processed...
Progress: 2100/11475 rules processed...
Progress: 2150/11475 rules processed...
Progress: 2200/11475 rules processed...
Progress: 2250/11475 rules processed...
Progress: 2300/11475 rules processed...
Progress: 2350/11475 rules processed...
Progress: 2400/11475 rules processed...
Progress: 2450/11475 rules processed...
Progress: 2500/11475 rules processed...
Progress: 2550/11475 rules processed...
Progress: 2600/11475 rules processed...
Progress: 2650/11475 rules processed...
Progress: 2700/11475 rules processed...
Progress: 2750/11475 rules processed...
Progress: 2800/11475 rules processed...
Progress: 2850/11475 rules processed...
Progress: 2900/11475 rules processed...
Progress: 2950/11475 rules processed...
Progress: 3000/11475 rules processed...
Progress: 3050/11475 rules processed...
Progress: 3100/11475 rules processed...
Progress: 3150/11475 rules processed...
Progress: 3200/11475 rules processed...
Progress: 3250/11475 rules processed...
Progress: 3300/11475 rules processed...
Progress: 3350/11475 rules processed...
Progress: 3400/11475 rules processed...
Progress: 3450/11475 rules processed...
Progress: 3500/11475 rules processed...
Progress: 3550/11475 rules processed...
Progress: 3600/11475 rules processed...
Progress: 3650/11475 rules processed...
Progress: 3700/11475 rules processed...
Progress: 3750/11475 rules processed...
Progress: 3800/11475 rules processed...
Progress: 3850/11475 rules processed...
Progress: 3900/11475 rules processed...
Progress: 3950/11475 rules processed...
Progress: 4000/11475 rules processed...
Progress: 4050/11475 rules processed...
Progress: 4100/11475 rules processed...
Progress: 4150/11475 rules processed...
Progress: 4200/11475 rules processed...
Progress: 4250/11475 rules processed...
Progress: 4300/11475 rules processed...
Progress: 4350/11475 rules processed...
Progress: 4400/11475 rules processed...
Progress: 4450/11475 rules processed...
Progress: 4500/11475 rules processed...
Progress: 4550/11475 rules processed...
Progress: 4600/11475 rules processed...
Progress: 4650/11475 rules processed...
Progress: 4700/11475 rules processed...
Progress: 4750/11475 rules processed...
Progress: 4800/11475 rules processed...
Progress: 4850/11475 rules processed...
Progress: 4900/11475 rules processed...
Progress: 4950/11475 rules processed...
Progress: 5000/11475 rules processed...
Progress: 5050/11475 rules processed...
Progress: 5100/11475 rules processed...
Progress: 5150/11475 rules processed...
Progress: 5200/11475 rules processed...
Progress: 5250/11475 rules processed...
Progress: 5300/11475 rules processed...
Progress: 5350/11475 rules processed...
Progress: 5400/11475 rules processed...
Progress: 5450/11475 rules processed...
Progress: 5500/11475 rules processed...
Progress: 5550/11475 rules processed...
Progress: 5600/11475 rules processed...
Progress: 5650/11475 rules processed...
Progress: 5700/11475 rules processed...
Progress: 5750/11475 rules processed...
Progress: 5800/11475 rules processed...
Progress: 5850/11475 rules processed...
Progress: 5900/11475 rules processed...
Progress: 5950/11475 rules processed...
Progress: 6000/11475 rules processed...
Progress: 6050/11475 rules processed...
Progress: 6100/11475 rules processed...
Progress: 6150/11475 rules processed...
Progress: 6200/11475 rules processed...
Progress: 6250/11475 rules processed...
Progress: 6300/11475 rules processed...
Progress: 6350/11475 rules processed...
Progress: 6400/11475 rules processed...
Progress: 6450/11475 rules processed...
Progress: 6500/11475 rules processed...
Progress: 6550/11475 rules processed...
Progress: 6600/11475 rules processed...
Progress: 6650/11475 rules processed...
Progress: 6700/11475 rules processed...
Progress: 6750/11475 rules processed...
Progress: 6800/11475 rules processed...
Progress: 6850/11475 rules processed...
Progress: 6900/11475 rules processed...
Progress: 6950/11475 rules processed...
Progress: 7000/11475 rules processed...
Progress: 7050/11475 rules processed...
Progress: 7100/11475 rules processed...
Progress: 7150/11475 rules processed...
Progress: 7200/11475 rules processed...
Progress: 7250/11475 rules processed...
Progress: 7300/11475 rules processed...
Progress: 7350/11475 rules processed...
Progress: 7400/11475 rules processed...
Progress: 7450/11475 rules processed...
Progress: 7500/11475 rules processed...
Progress: 7550/11475 rules processed...
Progress: 7600/11475 rules processed...
Progress: 7650/11475 rules processed...
Progress: 7700/11475 rules processed...
Progress: 7750/11475 rules processed...
Progress: 7800/11475 rules processed...
Progress: 7850/11475 rules processed...
Progress: 7900/11475 rules processed...
Progress: 7950/11475 rules processed...
Progress: 8000/11475 rules processed...
Progress: 8050/11475 rules processed...
Progress: 8100/11475 rules processed...
Progress: 8150/11475 rules processed...
Progress: 8200/11475 rules processed...
Progress: 8250/11475 rules processed...
Progress: 8300/11475 rules processed...
Progress: 8350/11475 rules processed...
Progress: 8400/11475 rules processed...
Progress: 8450/11475 rules processed...
Progress: 8500/11475 rules processed...
Progress: 8550/11475 rules processed...
Progress: 8600/11475 rules processed...
Progress: 8650/11475 rules processed...
Progress: 8700/11475 rules processed...
Progress: 8750/11475 rules processed...
Progress: 8800/11475 rules processed...
Progress: 8850/11475 rules processed...
Progress: 8900/11475 rules processed...
Progress: 8950/11475 rules processed...
Progress: 9000/11475 rules processed...
Progress: 9050/11475 rules processed...
Progress: 9100/11475 rules processed...
Progress: 9150/11475 rules processed...
Progress: 9200/11475 rules processed...
Progress: 9250/11475 rules processed...
Progress: 9300/11475 rules processed...
Progress: 9350/11475 rules processed...
Progress: 9400/11475 rules processed...
Progress: 9450/11475 rules processed...
Progress: 9500/11475 rules processed...
Progress: 9550/11475 rules processed...
Progress: 9600/11475 rules processed...
Progress: 9650/11475 rules processed...
Progress: 9700/11475 rules processed...
Progress: 9750/11475 rules processed...
Progress: 9800/11475 rules processed...
Progress: 9850/11475 rules processed...
Progress: 9900/11475 rules processed...
Progress: 9950/11475 rules processed...
Progress: 10000/11475 rules processed...
Progress: 10050/11475 rules processed...
Progress: 10100/11475 rules processed...
Progress: 10150/11475 rules processed...
Progress: 10200/11475 rules processed...
Progress: 10250/11475 rules processed...
Progress: 10300/11475 rules processed...
Progress: 10350/11475 rules processed...
Progress: 10400/11475 rules processed...
Progress: 10450/11475 rules processed...
Progress: 10500/11475 rules processed...
Progress: 10550/11475 rules processed...
Progress: 10600/11475 rules processed...
Progress: 10650/11475 rules processed...
Progress: 10700/11475 rules processed...
Progress: 10750/11475 rules processed...
Progress: 10800/11475 rules processed...
Progress: 10850/11475 rules processed...
Progress: 10900/11475 rules processed...
Progress: 10950/11475 rules processed...
Progress: 11000/11475 rules processed...
Progress: 11050/11475 rules processed...
Progress: 11100/11475 rules processed...
Progress: 11150/11475 rules processed...
Progress: 11200/11475 rules processed...
Progress: 11250/11475 rules processed...
Progress: 11300/11475 rules processed...
Progress: 11350/11475 rules processed...
Progress: 11400/11475 rules processed...
Progress: 11450/11475 rules processed...
Progress: 11475/11475 rules processed...
Post-processing: Sorting results...
Post-processing: Writing CSV and HTML output...
Done! Results saved to all_rules.csv and all_rules.html
